<?xml version="1.0" encoding="UTF-8"?>
<testsuite name="CinemaTests" tests="1" skipped="0" failures="0" errors="0" timestamp="2024-07-17T12:53:09" hostname="macbook-MacBook-Air.local" time="1.786">
  <properties/>
  <testcase name="start" classname="CinemaTests" time="1.786"/>
  <system-out><![CDATA[?[1;31m
Start test 1?[0m
?[0;34m
?[0m?[0;34m  .   ____          _            __ _ _
?[0m?[0;34m /\\ / ___'_ __ _ _(_)_ __  __ _ \ \ \ \
?[0m?[0;34m( ( )\___ | '_ | '_| | '_ \/ _` | \ \ \ \
?[0m?[0;34m \\/  ___)| |_)| | | | | || (_| |  ) ) ) )
?[0m?[0;34m  '  |____| .__|_| |_|_| |_\__, | / / / /
?[0m?[0;34m =========|_|==============|___/=/_/_/_/
?[0m?[0;34m :: Spring Boot ::                (v3.0.2)
?[0m?[0;34m
?[0m?[0;34m2024-07-17T15:53:09.831+03:00  INFO 86065 --- [    Test worker] cinema.Main                              : Starting Main using Java 17.0.11 with PID 86065 (started by macbook in /Users/macbook/Downloads/Cinema Room REST Service with Java/Cinema Room REST Service with Java/task)
?[0m?[0;34m2024-07-17T15:53:09.835+03:00  INFO 86065 --- [    Test worker] cinema.Main                              : No active profile set, falling back to 1 default profile: "default"
?[0m?[0;34m2024-07-17T15:53:10.519+03:00  INFO 86065 --- [    Test worker] o.s.b.w.embedded.tomcat.TomcatWebServer  : Tomcat initialized with port(s): 28852 (http)
?[0m?[0;34m2024-07-17T15:53:10.525+03:00  INFO 86065 --- [    Test worker] o.apache.catalina.core.StandardService   : Starting service [Tomcat]
?[0m?[0;34m2024-07-17T15:53:10.527+03:00  INFO 86065 --- [    Test worker] o.apache.catalina.core.StandardEngine    : Starting Servlet engine: [Apache Tomcat/10.1.5]
?[0m?[0;34m2024-07-17T15:53:10.584+03:00  INFO 86065 --- [    Test worker] o.a.c.c.C.[Tomcat].[localhost].[/]       : Initializing Spring embedded WebApplicationContext
?[0m?[0;34m2024-07-17T15:53:10.585+03:00  INFO 86065 --- [    Test worker] w.s.c.ServletWebServerApplicationContext : Root WebApplicationContext: initialization completed in 718 ms
?[0m?[0;34m2024-07-17T15:53:10.890+03:00  INFO 86065 --- [    Test worker] o.s.b.a.e.web.EndpointLinksResolver      : Exposing 14 endpoint(s) beneath base path '/actuator'
?[0m?[0;34m2024-07-17T15:53:10.921+03:00  INFO 86065 --- [    Test worker] o.s.b.w.embedded.tomcat.TomcatWebServer  : Tomcat started on port(s): 28852 (http) with context path ''
?[0m?[0;34m2024-07-17T15:53:10.932+03:00  INFO 86065 --- [    Test worker] cinema.Main                              : Started Main in 1.291 seconds (process running for 1.808)
?[0;34m2024-07-17T15:53:11.117+03:00  INFO 86065 --- [io-28852-exec-1] o.a.c.c.C.[Tomcat].[localhost].[/]       : Initializing Spring DispatcherServlet 'dispatcherServlet'
?[0m?[0;34m2024-07-17T15:53:11.117+03:00  INFO 86065 --- [io-28852-exec-1] o.s.web.servlet.DispatcherServlet        : Initializing Servlet 'dispatcherServlet'
?[0m?[0;34m2024-07-17T15:53:11.118+03:00  INFO 86065 --- [io-28852-exec-1] o.s.web.servlet.DispatcherServlet        : Completed initialization in 1 ms
?[0m?[1;31m
Start test 2?[0m
?[1;31m
Start test 3?[0m
?[1;31m
Start test 4?[0m
?[1;31m
Start test 5?[0m
?[1;31m
Start test 6?[0m
?[1;31m
Start test 7?[0m
?[1;31m
Start test 8?[0m
]]></system-out>
  <system-err><![CDATA[]]></system-err>
</testsuite>
